This is pdfTeX, Version 3.1415926-2.4-1.40.13 (TeX Live 2012) (format=pdflatex 2012.6.30)  21 JAN 2017 22:44
entering extended mode
 restricted \write18 enabled.
 %&-line parsing enabled.
**/Users/abrahamn/Documents/Physics/papers/xcor_paper/xcor_paper.tex
(/Users/abrahamn/Documents/Physics/papers/xcor_paper/xcor_paper.tex
LaTeX2e <2011/06/27>
Babel <v3.8m> and hyphenation patterns for english, dumylang, nohyphenation, ge
rman-x-2012-05-30, ngerman-x-2012-05-30, afrikaans, ancientgreek, ibycus, arabi
c, armenian, basque, bulgarian, catalan, pinyin, coptic, croatian, czech, danis
h, dutch, ukenglish, usenglishmax, esperanto, estonian, ethiopic, farsi, finnis
h, french, friulan, galician, german, ngerman, swissgerman, monogreek, greek, h
ungarian, icelandic, assamese, bengali, gujarati, hindi, kannada, malayalam, ma
rathi, oriya, panjabi, tamil, telugu, indonesian, interlingua, irish, italian, 
kurmanji, latin, latvian, lithuanian, mongolian, mongolianlmc, bokmal, nynorsk,
 polish, portuguese, romanian, romansh, russian, sanskrit, serbian, serbianc, s
lovak, slovenian, spanish, swedish, turkish, turkmen, ukrainian, uppersorbian, 
welsh, loaded.
(/usr/local/texlive/2012/texmf-dist/tex/latex/aastex/aastex.cls
Document Class: aastex 2005/06/22 5.2/AAS markup document class
Class aastex Info: Original \LaTeX2.09 style by Chris Biemesderfer (chris@seago
at.com). Adapted to \LaTeXe by A. Ogawa (ogawa@teleport.com) on input line 83.
(/usr/local/texlive/2012/texmf-dist/tex/latex/base/article.cls
Document Class: article 2007/10/19 v1.4h Standard LaTeX document class
(/usr/local/texlive/2012/texmf-dist/tex/latex/base/size11.clo
File: size11.clo 2007/10/19 v1.4h Standard LaTeX file (size option)
)
\c@part=\count79
\c@section=\count80
\c@subsection=\count81
\c@subsubsection=\count82
\c@paragraph=\count83
\c@subparagraph=\count84
\c@figure=\count85
\c@table=\count86
\abovecaptionskip=\skip41
\belowcaptionskip=\skip42
\bibindent=\dimen102
)
(/usr/local/texlive/2012/texmf-dist/tex/latex/base/latexsym.sty
Package: latexsym 1998/08/17 v2.2e Standard LaTeX package (lasy symbols)
\symlasy=\mathgroup4
LaTeX Font Info:    Overwriting symbol font `lasy' in version `bold'
(Font)                  U/lasy/m/n --> U/lasy/b/n on input line 47.
)
(/usr/local/texlive/2012/texmf-dist/tex/latex/graphics/graphicx.sty
Package: graphicx 1999/02/16 v1.0f Enhanced LaTeX Graphics (DPC,SPQR)

(/usr/local/texlive/2012/texmf-dist/tex/latex/graphics/keyval.sty
Package: keyval 1999/03/16 v1.13 key=value parser (DPC)
\KV@toks@=\toks14
)
(/usr/local/texlive/2012/texmf-dist/tex/latex/graphics/graphics.sty
Package: graphics 2009/02/05 v1.0o Standard LaTeX Graphics (DPC,SPQR)

(/usr/local/texlive/2012/texmf-dist/tex/latex/graphics/trig.sty
Package: trig 1999/03/16 v1.09 sin cos tan (DPC)
)
(/usr/local/texlive/2012/texmf-dist/tex/latex/latexconfig/graphics.cfg
File: graphics.cfg 2010/04/23 v1.9 graphics configuration of TeX Live
)
Package graphics Info: Driver file: pdftex.def on input line 91.

(/usr/local/texlive/2012/texmf-dist/tex/latex/pdftex-def/pdftex.def
File: pdftex.def 2011/05/27 v0.06d Graphics/color for pdfTeX

(/usr/local/texlive/2012/texmf-dist/tex/generic/oberdiek/infwarerr.sty
Package: infwarerr 2010/04/08 v1.3 Providing info/warning/error messages (HO)
)
(/usr/local/texlive/2012/texmf-dist/tex/generic/oberdiek/ltxcmds.sty
Package: ltxcmds 2011/11/09 v1.22 LaTeX kernel commands for general use (HO)
)
\Gread@gobject=\count87
))
\Gin@req@height=\dimen103
\Gin@req@width=\dimen104
)
(/usr/local/texlive/2012/texmf-dist/tex/latex/amsfonts/amssymb.sty
Package: amssymb 2009/06/22 v3.00

(/usr/local/texlive/2012/texmf-dist/tex/latex/amsfonts/amsfonts.sty
Package: amsfonts 2009/06/22 v3.00 Basic AMSFonts support
\@emptytoks=\toks15
\symAMSa=\mathgroup5
\symAMSb=\mathgroup6
LaTeX Font Info:    Overwriting math alphabet `\mathfrak' in version `bold'
(Font)                  U/euf/m/n --> U/euf/b/n on input line 96.
))
(/usr/local/texlive/2012/texmf-dist/tex/latex/natbib/natbib.sty
Package: natbib 2010/09/13 8.31b (PWD, AO)
\bibhang=\skip43
\bibsep=\skip44
LaTeX Info: Redefining \cite on input line 694.
\c@NAT@ctr=\count88
)
(/usr/local/texlive/2012/texmf-dist/tex/latex/tools/verbatim.sty
Package: verbatim 2003/08/22 v1.5q LaTeX2e package for verbatim enhancements
\every@verbatim=\toks16
\verbatim@line=\toks17
\verbatim@in@stream=\read1
)
\@slugcmmntwidth=\dimen105
\abstract@box=\box26
\c@editornote=\count89
\c@cureqno=\count90
\tnotemarkskip=\skip45
\@abovenoteskip=\dimen106
\pt@box=\box27
\pt@width=\dimen107
\pt@line=\count91
\pt@column=\count92
\pt@nlines=\count93
\pt@ncol=\count94
\pt@page=\count95
\tabbaseskip=\dimen108
\pt@tmpcapwidth=\dimen109
\spew@tblnotesbox=\box28
\restof@tblnotesbox=\box29
\noteheight=\dimen110
\pt@tabnoteminht=\dimen111
\firsttabskip=\dimen112
\captionbox=\box30
\pt@reduceline=\dimen113
\extra@vspace=\dimen114
\c@plate=\count96
\my@footins=\box31
)
(/usr/local/texlive/2012/texmf-dist/tex/latex/amsmath/amsmath.sty
Package: amsmath 2000/07/18 v2.13 AMS math features
\@mathmargin=\skip46

For additional information on amsmath, use the `?' option.
(/usr/local/texlive/2012/texmf-dist/tex/latex/amsmath/amstext.sty
Package: amstext 2000/06/29 v2.01

(/usr/local/texlive/2012/texmf-dist/tex/latex/amsmath/amsgen.sty
File: amsgen.sty 1999/11/30 v2.0
\@emptytoks=\toks18
\ex@=\dimen115
))
(/usr/local/texlive/2012/texmf-dist/tex/latex/amsmath/amsbsy.sty
Package: amsbsy 1999/11/29 v1.2d
\pmbraise@=\dimen116
)
(/usr/local/texlive/2012/texmf-dist/tex/latex/amsmath/amsopn.sty
Package: amsopn 1999/12/14 v2.01 operator names
)
\inf@bad=\count97
LaTeX Info: Redefining \frac on input line 211.
\uproot@=\count98
\leftroot@=\count99
LaTeX Info: Redefining \overline on input line 307.
\classnum@=\count100
\DOTSCASE@=\count101
LaTeX Info: Redefining \ldots on input line 379.
LaTeX Info: Redefining \dots on input line 382.
LaTeX Info: Redefining \cdots on input line 467.
\Mathstrutbox@=\box32
\strutbox@=\box33
\big@size=\dimen117
LaTeX Font Info:    Redeclaring font encoding OML on input line 567.
LaTeX Font Info:    Redeclaring font encoding OMS on input line 568.
\macc@depth=\count102
\c@MaxMatrixCols=\count103
\dotsspace@=\muskip10
\c@parentequation=\count104
\dspbrk@lvl=\count105
\tag@help=\toks19
\row@=\count106
\column@=\count107
\maxfields@=\count108
\andhelp@=\toks20
\eqnshift@=\dimen118
\alignsep@=\dimen119
\tagshift@=\dimen120
\tagwidth@=\dimen121
\totwidth@=\dimen122
\lineht@=\dimen123
\@envbody=\toks21
\multlinegap=\skip47
\multlinetaggap=\skip48
\mathdisplay@stack=\toks22
LaTeX Info: Redefining \[ on input line 2666.
LaTeX Info: Redefining \] on input line 2667.
)
(./xcor_paper.aux

LaTeX Warning: Label `eqn:Cldefcross' multiply defined.

)
\openout1 = `xcor_paper.aux'.

LaTeX Font Info:    Checking defaults for OML/cmm/m/it on input line 82.
LaTeX Font Info:    ... okay on input line 82.
LaTeX Font Info:    Checking defaults for T1/cmr/m/n on input line 82.
LaTeX Font Info:    ... okay on input line 82.
LaTeX Font Info:    Checking defaults for OT1/cmr/m/n on input line 82.
LaTeX Font Info:    ... okay on input line 82.
LaTeX Font Info:    Checking defaults for OMS/cmsy/m/n on input line 82.
LaTeX Font Info:    ... okay on input line 82.
LaTeX Font Info:    Checking defaults for OMX/cmex/m/n on input line 82.
LaTeX Font Info:    ... okay on input line 82.
LaTeX Font Info:    Checking defaults for U/cmr/m/n on input line 82.
LaTeX Font Info:    ... okay on input line 82.
 (/usr/local/texlive/2012/texmf-dist/tex/context/base/supp-pdf.mkii
[Loading MPS to PDF converter (version 2006.09.02).]
\scratchcounter=\count109
\scratchdimen=\dimen124
\scratchbox=\box34
\nofMPsegments=\count110
\nofMParguments=\count111
\everyMPshowfont=\toks23
\MPscratchCnt=\count112
\MPscratchDim=\dimen125
\MPnumerator=\count113
\makeMPintoPDFobject=\count114
\everyMPtoPDFconversion=\toks24
) (/usr/local/texlive/2012/texmf-dist/tex/generic/oberdiek/pdftexcmds.sty
Package: pdftexcmds 2011/11/29 v0.20 Utility functions of pdfTeX for LuaTeX (HO
)

(/usr/local/texlive/2012/texmf-dist/tex/generic/oberdiek/ifluatex.sty
Package: ifluatex 2010/03/01 v1.3 Provides the ifluatex switch (HO)
Package ifluatex Info: LuaTeX not detected.
)
(/usr/local/texlive/2012/texmf-dist/tex/generic/oberdiek/ifpdf.sty
Package: ifpdf 2011/01/30 v2.3 Provides the ifpdf switch (HO)
Package ifpdf Info: pdfTeX in PDF mode is detected.
)
Package pdftexcmds Info: LuaTeX not detected.
Package pdftexcmds Info: \pdf@primitive is available.
Package pdftexcmds Info: \pdf@ifprimitive is available.
Package pdftexcmds Info: \pdfdraftmode found.
)
(/usr/local/texlive/2012/texmf-dist/tex/latex/oberdiek/epstopdf-base.sty
Package: epstopdf-base 2010/02/09 v2.5 Base part for package epstopdf

(/usr/local/texlive/2012/texmf-dist/tex/latex/oberdiek/grfext.sty
Package: grfext 2010/08/19 v1.1 Manage graphics extensions (HO)

(/usr/local/texlive/2012/texmf-dist/tex/generic/oberdiek/kvdefinekeys.sty
Package: kvdefinekeys 2011/04/07 v1.3 Define keys (HO)
))
(/usr/local/texlive/2012/texmf-dist/tex/latex/oberdiek/kvoptions.sty
Package: kvoptions 2011/06/30 v3.11 Key value format for package options (HO)

(/usr/local/texlive/2012/texmf-dist/tex/generic/oberdiek/kvsetkeys.sty
Package: kvsetkeys 2012/04/25 v1.16 Key value parser (HO)

(/usr/local/texlive/2012/texmf-dist/tex/generic/oberdiek/etexcmds.sty
Package: etexcmds 2011/02/16 v1.5 Avoid name clashes with e-TeX commands (HO)
Package etexcmds Info: Could not find \expanded.
(etexcmds)             That can mean that you are not using pdfTeX 1.50 or
(etexcmds)             that some package has redefined \expanded.
(etexcmds)             In the latter case, load this package earlier.
)))
Package grfext Info: Graphics extension search list:
(grfext)             [.png,.pdf,.jpg,.mps,.jpeg,.jbig2,.jb2,.PNG,.PDF,.JPG,.JPE
G,.JBIG2,.JB2,.eps]
(grfext)             \AppendGraphicsExtensions on input line 452.

(/usr/local/texlive/2012/texmf-dist/tex/latex/latexconfig/epstopdf-sys.cfg
File: epstopdf-sys.cfg 2010/07/13 v1.3 Configuration of (r)epstopdf for TeX Liv
e
))
AAS preprint substyle, v5.2 <12 Dec 2003>.
LaTeX Font Info:    Try loading font information for U+lasy on input line 118.
(/usr/local/texlive/2012/texmf-dist/tex/latex/base/ulasy.fd
File: ulasy.fd 1998/08/17 v2.2e LaTeX symbol font definitions
)
LaTeX Font Info:    Try loading font information for U+msa on input line 118.

(/usr/local/texlive/2012/texmf-dist/tex/latex/amsfonts/umsa.fd
File: umsa.fd 2009/06/22 v3.00 AMS symbols A
)
LaTeX Font Info:    Try loading font information for U+msb on input line 118.

(/usr/local/texlive/2012/texmf-dist/tex/latex/amsfonts/umsb.fd
File: umsb.fd 2009/06/22 v3.00 AMS symbols B
)

Package natbib Warning: Citation `FurlanettoReview' on page 1 undefined on inpu
t line 120.


Package natbib Warning: Citation `miguelreview' on page 1 undefined on input li
ne 120.


Package natbib Warning: Citation `PritchardLoebReview' on page 1 undefined on i
nput line 120.


Package natbib Warning: Citation `tingay13' on page 1 undefined on input line 1
20.


Package natbib Warning: Citation `mwascience' on page 1 undefined on input line
 120.


Package natbib Warning: Citation `parsons14' on page 1 undefined on input line 
120.


Package natbib Warning: Citation `ali15' on page 1 undefined on input line 120.



Package natbib Warning: Citation `PoberPAPER64Heating' on page 1 undefined on i
nput line 120.


Package natbib Warning: Citation `DannyMultiRedshift' on page 1 undefined on in
put line 120.


Package natbib Warning: Citation `deboer16' on page 1 undefined on input line 1
20.


Package natbib Warning: Citation `ska' on page 1 undefined on input line 120.


Package natbib Warning: Citation `Bouwens2011' on page 1 undefined on input lin
e 122.


Package natbib Warning: Citation `Illingworth2013' on page 1 undefined on input
 line 122.


Package natbib Warning: Citation `Dunlop2013' on page 1 undefined on input line
 122.


Package natbib Warning: Citation `Schmidt2014' on page 1 undefined on input lin
e 122.


Package natbib Warning: Citation `Trenti2011' on page 1 undefined on input line
 122.


Package natbib Warning: Citation `Bradley2012' on page 1 undefined on input lin
e 122.


Package natbib Warning: Citation `Robertson2013' on page 1 undefined on input l
ine 122.


Package natbib Warning: Citation `Alvarez2012' on page 1 undefined on input lin
e 122.


Package natbib Warning: Citation `planck16' on page 1 undefined on input line 1
22.


Package natbib Warning: Citation `Gardner2006' on page 1 undefined on input lin
e 122.


Package natbib Warning: Citation `Spergel2013' on page 1 undefined on input lin
e 122.


Package natbib Warning: Citation `Atek2015' on page 1 undefined on input line 1
22.


Package natbib Warning: Citation `kash1' on page 1 undefined on input line 124.



Package natbib Warning: Citation `kash2' on page 1 undefined on input line 124.



Package natbib Warning: Citation `kash3' on page 1 undefined on input line 124.



Package natbib Warning: Citation `kash4' on page 1 undefined on input line 124.



Package natbib Warning: Citation `cooray12' on page 1 undefined on input line 1
24.


Package natbib Warning: Citation `zemcov14' on page 1 undefined on input line 1
24.

[1

{/usr/local/texlive/2012/texmf-var/fonts/map/pdftex/updmap/pdftex.map}]

Package natbib Warning: Citation `StarsAndReionization' on page 2 undefined on 
input line 126.


Package natbib Warning: Citation `silva12' on page 2 undefined on input line 12
6.


Package natbib Warning: Citation `mao14' on page 2 undefined on input line 126.



Package natbib Warning: Citation `heneka16' on page 2 undefined on input line 1
26.


Package natbib Warning: Citation `lidz09' on page 2 undefined on input line 128
.


Package natbib Warning: Citation `park14' on page 2 undefined on input line 128
.


Package natbib Warning: Citation `beardsley15' on page 2 undefined on input lin
e 128.


Package natbib Warning: Citation `zackrisson11' on page 2 undefined on input li
ne 128.


Package natbib Warning: Citation `ricker14' on page 2 undefined on input line 1
30.


Package natbib Warning: Citation `ScienceWithSpherex' on page 2 undefined on in
put line 130.


Package natbib Warning: Citation `SpherexWhitePaper' on page 2 undefined on inp
ut line 130.


Package natbib Warning: Citation `des16' on page 2 undefined on input line 130.



Package natbib Warning: Citation `tonry12' on page 2 undefined on input line 13
0.


Package natbib Warning: Citation `tonry11' on page 2 undefined on input line 13
0.


Package natbib Warning: Citation `beardsley16' on page 2 undefined on input lin
e 130.


Package natbib Warning: Citation `dillonmapmaking' on page 2 undefined on input
 line 130.

[2]

Package natbib Warning: Citation `ewallwice14' on page 3 undefined on input lin
e 142.


Package natbib Warning: Citation `zemcov14' on page 3 undefined on input line 1
61.


Package natbib Warning: Citation `cooray12' on page 3 undefined on input line 1
61.


Package natbib Warning: Citation `thacker15' on page 3 undefined on input line 
161.

[3] [4]

Package natbib Warning: Citation `lidz09' on page 5 undefined on input line 198
.


Package natbib Warning: Citation `furlanettolidz07' on page 5 undefined on inpu
t line 198.


Package natbib Warning: Citation `beardsley16' on page 5 undefined on input lin
e 204.


Package natbib Warning: Citation `AndreMWARFI' on page 5 undefined on input lin
e 204.


Package natbib Warning: Citation `aoflagger' on page 5 undefined on input line 
204.


Package natbib Warning: Citation `beardsley16' on page 5 undefined on input lin
e 206.


Package natbib Warning: Citation `fhd' on page 5 undefined on input line 206.


Package natbib Warning: Citation `beardsley16' on page 5 undefined on input lin
e 206.


Package natbib Warning: Citation `PattiCatalog1' on page 5 undefined on input l
ine 206.

<images/survey_overview.pdf, id=30, 633.03064pt x 614.66516pt>
File: images/survey_overview.pdf Graphic file (type pdf)

<use images/survey_overview.pdf>
Package pdftex.def Info: images/survey_overview.pdf used on input line 215.
(pdftex.def)             Requested size: 238.49121pt x 231.56807pt.
 [5]

Package natbib Warning: Citation `tonry11' on page 6 undefined on input line 22
0.


Package natbib Warning: Citation `swarp' on page 6 undefined on input line 224.


[6 <./images/survey_overview.pdf>]
<images/catalog_histograms.pdf, id=91, 1175.65947pt x 330.92696pt>
File: images/catalog_histograms.pdf Graphic file (type pdf)

<use images/catalog_histograms.pdf>
Package pdftex.def Info: images/catalog_histograms.pdf used on input line 244.
(pdftex.def)             Requested size: 469.75499pt x 132.22704pt.


Package natbib Warning: Citation `PattiCatalog1' on page 7 undefined on input l
ine 249.


Package natbib Warning: Citation `PattiCatalog1' on page 7 undefined on input l
ine 249.

[7 <./images/catalog_histograms.pdf>]

Package natbib Warning: Citation `Wright2010' on page 8 undefined on input line
 251.


Package natbib Warning: Citation `allwise' on page 8 undefined on input line 25
1.


Package natbib Warning: Citation `sextractor' on page 8 undefined on input line
 253.


Package natbib Warning: Citation `helou85' on page 8 undefined on input line 25
8.


Package natbib Warning: Citation `dejong85' on page 8 undefined on input line 2
58.


Package natbib Warning: Citation `yun01' on page 8 undefined on input line 258.



Package natbib Warning: Citation `xu94' on page 8 undefined on input line 258.


Package natbib Warning: Citation `xu94' on page 8 undefined on input line 258.


Overfull \hbox (7.71632pt too wide) in paragraph at lines 258--259
\OT1/cmr/m/n/10.95 how they man-i-fest in in-ten-sity map-ping cor-re-la-tion e
x-per-i-ments. Tra-di-tion-ally, ra-dio/optical/infrared
 []


Package natbib Warning: Citation `mcmahon02' on page 8 undefined on input line 
260.


Package natbib Warning: Citation `PattiCatalog1' on page 8 undefined on input l
ine 260.


<images/source_correlation_grids_and_snrs.pdf, id=145, 619.11348pt x 497.2978pt
>
File: images/source_correlation_grids_and_snrs.pdf Graphic file (type pdf)
 <use images/source_correlation_grids_and_snrs.pdf>
Package pdftex.def Info: images/source_correlation_grids_and_snrs.pdf used on i
nput line 264.
(pdftex.def)             Requested size: 397.48499pt x 319.27873pt.


LaTeX Warning: `h' float specifier changed to `ht'.

[8] [9 <./images/source_correlation_grids_and_snrs.pdf>]

Package natbib Warning: Citation `Wright2010' on page 10 undefined on input lin
e 280.


Package natbib Warning: Citation `nikutta14' on page 10 undefined on input line
 280.

<images/wise_color_color_figure.pdf, id=229, 697.60472pt x 266.2284pt>
File: images/wise_color_color_figure.pdf Graphic file (type pdf)

<use images/wise_color_color_figure.pdf>
Package pdftex.def Info: images/wise_color_color_figure.pdf used on input line 
284.
(pdftex.def)             Requested size: 433.62pt x 165.48238pt.


LaTeX Warning: `h' float specifier changed to `ht'.


Package natbib Warning: Citation `nikutta14' on page 10 undefined on input line
 289.


Package natbib Warning: Citation `kurcz16' on page 10 undefined on input line 2
89.

[10]
<images/mwa_wise_qsoagn_gal_xspec.pdf, id=233, 1060.64885pt x 264.58786pt>
File: images/mwa_wise_qsoagn_gal_xspec.pdf Graphic file (type pdf)

<use images/mwa_wise_qsoagn_gal_xspec.pdf>
Package pdftex.def Info: images/mwa_wise_qsoagn_gal_xspec.pdf used on input lin
e 293.
(pdftex.def)             Requested size: 505.89pt x 126.1973pt.

Overfull \hbox (36.13501pt too wide) in paragraph at lines 293--294
 [][] 
 []


Package natbib Warning: Citation `tegmark02' on page 11 undefined on input line
 300.


Package natbib Warning: Citation `dodelson02' on page 11 undefined on input lin
e 300.


Package natbib Warning: Citation `tegmark02b' on page 11 undefined on input lin
e 300.


Package natbib Warning: Citation `PattiCatalog1' on page 11 undefined on input 
line 300.


Package natbib Warning: Citation `seymour07' on page 11 undefined on input line
 304.


Package natbib Warning: Citation `Willott03' on page 11 undefined on input line
 304.


Package natbib Warning: Citation `mauch07' on page 11 undefined on input line 3
04.

[11 <./images/wise_color_color_figure.pdf> <./images/mwa_wise_qsoagn_gal_xspec.
pdf

pdfTeX warning: pdflatex (file ./images/mwa_wise_qsoagn_gal_xspec.pdf): PDF inc
lusion: multiple pdfs with page group included in a single page
>]
<images/sim_rad_ir_luminosity_functions.pdf, id=348, 636.76334pt x 229.0934pt>
File: images/sim_rad_ir_luminosity_functions.pdf Graphic file (type pdf)

<use images/sim_rad_ir_luminosity_functions.pdf>
Package pdftex.def Info: images/sim_rad_ir_luminosity_functions.pdf used on inp
ut line 323.
(pdftex.def)             Requested size: 433.62pt x 156.00867pt.


LaTeX Warning: `h' float specifier changed to `ht'.


Package natbib Warning: Citation `mauch07' on page 12 undefined on input line 3
28.


Package natbib Warning: Citation `fu10' on page 12 undefined on input line 328.



Package natbib Warning: Citation `mauch07' on page 12 undefined on input line 3
28.


Package natbib Warning: Citation `fu10' on page 12 undefined on input line 328.


[12] <images/sim_correlation_agn_and_sf.pdf, id=352, 719.3972pt x 230.55197pt>
File: images/sim_correlation_agn_and_sf.pdf Graphic file (type pdf)

<use images/sim_correlation_agn_and_sf.pdf>
Package pdftex.def Info: images/sim_correlation_agn_and_sf.pdf used on input li
ne 336.
(pdftex.def)             Requested size: 433.62pt x 138.96898pt.


LaTeX Warning: `h' float specifier changed to `ht'.

[13 <./images/sim_rad_ir_luminosity_functions.pdf>] [14 <./images/sim_correlati
on_agn_and_sf.pdf>]

Package natbib Warning: Citation `beardsley13' on page 15 undefined on input li
ne 351.


Package natbib Warning: Citation `PoberNextGen' on page 15 undefined on input l
ine 351.


<images/res_pspec_of_100_obsids_with_diff_spacings_6amin.pdf, id=475, 420.44768
pt x 410.80264pt>
File: images/res_pspec_of_100_obsids_with_diff_spacings_6amin.pdf Graphic file 
(type pdf)

<use images/res_pspec_of_100_obsids_with_diff_spacings_6amin.pdf>
Package pdftex.def Info: images/res_pspec_of_100_obsids_with_diff_spacings_6ami
n.pdf used on input line 367.
(pdftex.def)             Requested size: 252.94499pt x 247.14166pt.


LaTeX Warning: `h' float specifier changed to `ht'.

[15] [16 <./images/res_pspec_of_100_obsids_with_diff_spacings_6amin.pdf>]
<images/big_foreground_masking_study_2.pdf, id=509, 993.52957pt x 1049.83195pt>
File: images/big_foreground_masking_study_2.pdf Graphic file (type pdf)
<use images/big_foreground_masking_study_2.pdf>
Package pdftex.def Info: images/big_foreground_masking_study_2.pdf used on inpu
t line 384.
(pdftex.def)             Requested size: 505.89pt x 534.55821pt.

Overfull \hbox (36.13501pt too wide) in paragraph at lines 384--385
 [][] 
 []


LaTeX Warning: `h' float specifier changed to `ht'.


Package natbib Warning: Citation `sullivan12' on page 17 undefined on input lin
e 396.


Package natbib Warning: Citation `Maxpowerspeclossless' on page 17 undefined on
 input line 398.


Package natbib Warning: Citation `X13' on page 17 undefined on input line 398.


Package natbib Warning: Citation `dillonneben' on page 17 undefined on input li
ne 398.


Package natbib Warning: Citation `LT11' on page 17 undefined on input line 398.



Package natbib Warning: Citation `DillonFast' on page 17 undefined on input lin
e 398.


Package natbib Warning: Citation `ali15' on page 17 undefined on input line 398
.


Package natbib Warning: Citation `X13' on page 17 undefined on input line 398.

[17]

Package natbib Warning: Citation `X13' on page 18 undefined on input line 406.


<images/big_foreground_masking_study_pspecs_2.pdf, id=513, 427.0354pt x 446.151
18pt>
File: images/big_foreground_masking_study_pspecs_2.pdf Graphic file (type pdf)
 <use images/big_foreground_masking_study_pspecs_2.pdf>
Package pdftex.def Info: images/big_foreground_masking_study_pspecs_2.pdf used 
on input line 419.
(pdftex.def)             Requested size: 289.07999pt x 302.01724pt.


LaTeX Warning: `h' float specifier changed to `ht'.

[18]

Package natbib Warning: Citation `zemcov14' on page 19 undefined on input line 
426.


Package natbib Warning: Citation `zemcov14' on page 19 undefined on input line 
428.


Package natbib Warning: Citation `cooray12' on page 19 undefined on input line 
428.


Package natbib Warning: Citation `kash3' on page 19 undefined on input line 428
.


Package natbib Warning: Citation `matsumoto11' on page 19 undefined on input li
ne 428.


Package natbib Warning: Citation `zemcov14' on page 19 undefined on input line 
428.

[19]

Package natbib Warning: Citation `lidz09' on page 20 undefined on input line 45
3.


LaTeX Warning: Reference `sec:pspec21fg' on page 20 undefined on input line 470
.


LaTeX Warning: Reference `sec:pspecIRfg' on page 20 undefined on input line 470
.

[20]

LaTeX Warning: Reference `sec:pspecIRfg' on page 21 undefined on input line 515
.

[21]
No file xcor_paper.bbl.

Package natbib Warning: There were undefined citations.

[22] [23 <./images/big_foreground_masking_study_2.pdf>] [24 <./images/big_foreg
round_masking_study_pspecs_2.pdf>] (./xcor_paper.aux)

LaTeX Warning: There were undefined references.


LaTeX Warning: There were multiply-defined labels.

 ) 
Here is how much of TeX's memory you used:
 3492 strings out of 493488
 45878 string characters out of 3141326
 105820 words of memory out of 3000000
 6730 multiletter control sequences out of 15000+200000
 13673 words of font info for 55 fonts, out of 3000000 for 9000
 957 hyphenation exceptions out of 8191
 38i,10n,26p,1786b,225s stack positions out of 5000i,500n,10000p,200000b,50000s
</usr/local/texlive/2012/texmf-dist/fonts/type1/public/amsfonts/cm/cmbx10.pfb
></usr/local/texlive/2012/texmf-dist/fonts/type1/public/amsfonts/cm/cmbx12.pfb>
</usr/local/texlive/2012/texmf-dist/fonts/type1/public/amsfonts/cm/cmbx9.pfb></
usr/local/texlive/2012/texmf-dist/fonts/type1/public/amsfonts/cm/cmex10.pfb></u
sr/local/texlive/2012/texmf-dist/fonts/type1/public/amsfonts/cm/cmmi10.pfb></us
r/local/texlive/2012/texmf-dist/fonts/type1/public/amsfonts/cm/cmmi12.pfb></usr
/local/texlive/2012/texmf-dist/fonts/type1/public/amsfonts/cm/cmmi6.pfb></usr/l
ocal/texlive/2012/texmf-dist/fonts/type1/public/amsfonts/cm/cmmi8.pfb></usr/loc
al/texlive/2012/texmf-dist/fonts/type1/public/amsfonts/cm/cmmi9.pfb></usr/local
/texlive/2012/texmf-dist/fonts/type1/public/amsfonts/cm/cmr10.pfb></usr/local/t
exlive/2012/texmf-dist/fonts/type1/public/amsfonts/cm/cmr12.pfb></usr/local/tex
live/2012/texmf-dist/fonts/type1/public/amsfonts/cm/cmr17.pfb></usr/local/texli
ve/2012/texmf-dist/fonts/type1/public/amsfonts/cm/cmr6.pfb></usr/local/texlive/
2012/texmf-dist/fonts/type1/public/amsfonts/cm/cmr8.pfb></usr/local/texlive/201
2/texmf-dist/fonts/type1/public/amsfonts/cm/cmr9.pfb></usr/local/texlive/2012/t
exmf-dist/fonts/type1/public/amsfonts/cm/cmsy10.pfb></usr/local/texlive/2012/te
xmf-dist/fonts/type1/public/amsfonts/cm/cmsy6.pfb></usr/local/texlive/2012/texm
f-dist/fonts/type1/public/amsfonts/cm/cmsy8.pfb></usr/local/texlive/2012/texmf-
dist/fonts/type1/public/amsfonts/cm/cmti10.pfb></usr/local/texlive/2012/texmf-d
ist/fonts/type1/public/amsfonts/cm/cmtt10.pfb></usr/local/texlive/2012/texmf-di
st/fonts/type1/public/amsfonts/symbols/msam10.pfb></usr/local/texlive/2012/texm
f-dist/fonts/type1/urw/ncntrsbk/uncr8a.pfb>
Output written on xcor_paper.pdf (24 pages, 968742 bytes).
PDF statistics:
 834 PDF objects out of 1000 (max. 8388607)
 297 compressed objects within 3 object streams
 0 named destinations out of 1000 (max. 500000)
 51 words of extra memory for PDF output out of 10000 (max. 10000000)

